SQLSTATE[HY000]: General error: 20018 Table 'companiesworkflowbyemployees' does not have the identity property. Cannot perform SET operation. [20018] (severity 16) [SET IDENTITY_INSERT companiesworkflowbyemployees ON] (SQL: SET IDENTITY_INSERT companiesworkflowbyemployees ON)SQLSTATE[HY000]: General error: 20018 Table 'payrollregister' does not have the identity property. Cannot perform SET operation. [20018] (severity 16) [SET IDENTITY_INSERT payrollregister ON] (SQL: SET IDENTITY_INSERT payrollregister ON)SQLSTATE[HY000]: General error: 20018 Table 'bankaccounts' does not have the identity property. Cannot perform SET operation. [20018] (severity 16) [SET IDENTITY_INSERT bankaccounts ON] (SQL: SET IDENTITY_INSERT bankaccounts ON)SQLSTATE[HY000]: General error: 20018 Table 'contracttypes' does not have the identity property. Cannot perform SET operation. [20018] (severity 16) [SET IDENTITY_INSERT contracttypes ON] (SQL: SET IDENTITY_INSERT contracttypes ON)SQLSTATE[HY000]: General error: 20018 Table 'helpreleasedates' does not have the identity property. Cannot perform SET operation. [20018] (severity 16) [SET IDENTITY_INSERT helpreleasedates ON] (SQL: SET IDENTITY_INSERT helpreleasedates ON)SQLSTATE[HY000]: General error: 20018 Table 'projecttypes' does not have the identity property. Cannot perform SET operation. [20018] (severity 16) [SET IDENTITY_INSERT projecttypes ON] (SQL: SET IDENTITY_INSERT projecttypes ON)SQLSTATE[HY000]: General error: 20018 Table 'payrollemployeeseventtypes' does not have the identity property. Cannot perform SET operation. [20018] (severity 16) [SET IDENTITY_INSERT payrollemployeeseventtypes ON] (SQL: SET IDENTITY_INSERT payrollemployeeseventtypes ON)SQLSTATE[HY000]: General error: 20018 Table 'inventoryreviews' does not have the identity property. Cannot perform SET operation. [20018] (severity 16) [SET IDENTITY_INSERT inventoryreviews ON] (SQL: SET IDENTITY_INSERT inventoryreviews ON)SQLSTATE[HY000]: General error: 20018 Table 'ledgeraccounttypes' does not have the identity property. Cannot perform SET operation. [20018] (severity 16) [SET IDENTITY_INSERT ledgeraccounttypes ON] (SQL: SET IDENTITY_INSERT ledgeraccounttypes ON)SQLSTATE[HY000]: General error: 20018 Table 'vendorpricecrossreference' does not have the identity property. Cannot perform SET operation. [20018] (severity 16) [SET IDENTITY_INSERT vendorpricecrossreference ON] (SQL: SET IDENTITY_INSERT vendorpricecrossreference ON)SQLSTATE[HY000]: General error: 20018 Table 'purchasetrackingheader' does not have the identity property. Cannot perform SET operation. [20018] (severity 16) [SET IDENTITY_INSERT purchasetrackingheader ON] (SQL: SET IDENTITY_INSERT purchasetrackingheader ON)SQLSTATE[HY000]: General error: 20018 Table 'companiesnextnumbers' does not have the identity property. Cannot perform SET operation. [20018] (severity 16) [SET IDENTITY_INSERT companiesnextnumbers ON] (SQL: SET IDENTITY_INSERT companiesnextnumbers ON)SQLSTATE[HY000]: General error: 20018 Table 'payrollemployeesaccrualfrequency' does not have the identity property. Cannot perform SET operation. [20018] (severity 16) [SET IDENTITY_INSERT payrollemployeesaccrualfrequency ON] (SQL: SET IDENTITY_INSERT payrollemployeesaccrualfrequency ON)SQLSTATE[HY000]: General error: 20018 Table 'purchasereceiptheader' does not have the identity property. Cannot perform SET operation. [20018] (severity 16) [SET IDENTITY_INSERT purchasereceiptheader ON] (SQL: SET IDENTITY_INSERT purchasereceiptheader ON)SQLSTATE[HY000]: General error: 20018 Table 'shipmentmethods' does not have the identity property. Cannot perform SET operation. [20018] (severity 16) [SET IDENTITY_INSERT shipmentmethods ON] (SQL: SET IDENTITY_INSERT shipmentmethods ON)
SQLSTATE[HY000]: General error: 20018 Table 'inventoryfamiliesdisplaylang' does not have the identity property. Cannot perform SET operation. [20018] (severity 16) [SET IDENTITY_INSERT inventoryfamiliesdisplaylang ON] (SQL: SET IDENTITY_INSERT inventoryfamiliesdisplaylang ON)
SQLSTATE[HY000]: General error: 20018 Table 'divisions' does not have the identity property. Cannot perform SET operation. [20018] (severity 16) [SET IDENTITY_INSERT divisions ON] (SQL: SET IDENTITY_INSERT divisions ON)
SQLSTATE[HY000]: General error: 20018 Table 'inventorysubstitutions' does not have the identity property. Cannot perform SET operation. [20018] (severity 16) [SET IDENTITY_INSERT inventorysubstitutions ON] (SQL: SET IDENTITY_INSERT inventorysubstitutions ON)
SQLSTATE[HY000]: General error: 20018 Table 'bankreconciliation' does not have the identity property. Cannot perform SET operation. [20018] (severity 16) [SET IDENTITY_INSERT bankreconciliation ON] (SQL: SET IDENTITY_INSERT bankreconciliation ON)
SQLSTATE[HY000]: General error: 20018 Table 'companiessystemwidemessage' does not have the identity property. Cannot perform SET operation. [20018] (severity 16) [SET IDENTITY_INSERT companiessystemwidemessage ON] (SQL: SET IDENTITY_INSERT companiessystemwidemessage ON)
SQLSTATE[HY000]: General error: 20018 Table 'helpstatus' does not have the identity property. Cannot perform SET operation. [20018] (severity 16) [SET IDENTITY_INSERT helpstatus ON] (SQL: SET IDENTITY_INSERT helpstatus ON)
SQLSTATE[HY000]: General error: 20018 Table 'warehousetransitheader' does not have the identity property. Cannot perform SET operation. [20018] (severity 16) [SET IDENTITY_INSERT warehousetransitheader ON] (SQL: SET IDENTITY_INSERT warehousetransitheader ON)
SQLSTATE[HY000]: General error: 20018 Table 'ledgerchartofaccounts' does not have the identity property. Cannot perform SET operation. [20018] (severity 16) [SET IDENTITY_INSERT ledgerchartofaccounts ON] (SQL: SET IDENTITY_INSERT ledgerchartofaccounts ON)
SQLSTATE[HY000]: General error: 20018 Table 'payrollcitytaxtables' does not have the identity property. Cannot perform SET operation. [20018] (severity 16) [SET IDENTITY_INSERT payrollcitytaxtables ON] (SQL: SET IDENTITY_INSERT payrollcitytaxtables ON)
SQLSTATE[HY000]: General error: 20018 Table 'vendorcontacts' does not have the identity property. Cannot perform SET operation. [20018] (severity 16) [SET IDENTITY_INSERT vendorcontacts ON] (SQL: SET IDENTITY_INSERT vendorcontacts ON)
SQLSTATE[HY000]: General error: 20018 Table 'departments' does not have the identity property. Cannot perform SET operation. [20018] (severity 16) [SET IDENTITY_INSERT departments ON] (SQL: SET IDENTITY_INSERT departments ON)
SQLSTATE[HY000]: General error: 20018 Table 'leadcontacts' does not have the identity property. Cannot perform SET operation. [20018] (severity 16) [SET IDENTITY_INSERT leadcontacts ON] (SQL: SET IDENTITY_INSERT leadcontacts ON)
SQLSTATE[HY000]: General error: 20018 Table 'ediexceptions' does not have the identity property. Cannot perform SET operation. [20018] (severity 16) [SET IDENTITY_INSERT ediexceptions ON] (SQL: SET IDENTITY_INSERT ediexceptions ON)
SQLSTATE[HY000]: General error: 20018 Table 'helpresourcetype' does not have the identity property. Cannot perform SET operation. [20018] (severity 16) [SET IDENTITY_INSERT helpresourcetype ON] (SQL: SET IDENTITY_INSERT helpresourcetype ON)
SQLSTATE[HY000]: General error: 20018 Table 'inventorybywarehouse' does not have the identity property. Cannot perform SET operation. [20018] (severity 16) [SET IDENTITY_INSERT inventorybywarehouse ON] (SQL: SET IDENTITY_INSERT inventorybywarehouse ON)
SQLSTATE[HY000]: General error: 20018 Table 'purchaseheader' does not have the identity property. Cannot perform SET operation. [20018] (severity 16) [SET IDENTITY_INSERT purchaseheader ON] (SQL: SET IDENTITY_INSERT purchaseheader ON)
SQLSTATE[HY000]: General error: 20018 Table 'customershipforlocations' does not have the identity property. Cannot perform SET operation. [20018] (severity 16) [SET IDENTITY_INSERT customershipforlocations ON] (SQL: SET IDENTITY_INSERT customershipforlocations ON)
SQLSTATE[HY000]: General error: 20018 Table 'payrollemployeepaytype' does not have the identity property. Cannot perform SET operation. [20018] (severity 16) [SET IDENTITY_INSERT payrollemployeepaytype ON] (SQL: SET IDENTITY_INSERT payrollemployeepaytype ON)
SQLSTATE[HY000]: General error: 20018 Table 'expensereportitems' does not have the identity property. Cannot perform SET operation. [20018] (severity 16) [SET IDENTITY_INSERT expensereportitems ON] (SQL: SET IDENTITY_INSERT expensereportitems ON)
SQLSTATE[HY000]: General error: 20018 Table 'subaccount' does not have the identity property. Cannot perform SET operation. [20018] (severity 16) [SET IDENTITY_INSERT subaccount ON] (SQL: SET IDENTITY_INSERT subaccount ON)
SQLSTATE[HY000]: General error: 20018 Table 'companiesdisplaylang' does not have the identity property. Cannot perform SET operation. [20018] (severity 16) [SET IDENTITY_INSERT companiesdisplaylang ON] (SQL: SET IDENTITY_INSERT companiesdisplaylang ON)
SQLSTATE[HY000]: General error: 20018 Table 'customeritemcrossreference' does not have the identity property. Cannot perform SET operation. [20018] (severity 16) [SET IDENTITY_INSERT customeritemcrossreference ON] (SQL: SET IDENTITY_INSERT customeritemcrossreference ON)
SQLSTATE[HY000]: General error: 20018 Table 'warehouses' does not have the identity property. Cannot perform SET operation. [20018] (severity 16) [SET IDENTITY_INSERT warehouses ON] (SQL: SET IDENTITY_INSERT warehouses ON)
SQLSTATE[HY000]: General error: 20018 Table 'payrollcitytax' does not have the identity property. Cannot perform SET operation. [20018] (severity 16) [SET IDENTITY_INSERT payrollcitytax ON] (SQL: SET IDENTITY_INSERT payrollcitytax ON)
SQLSTATE[HY000]: General error: 20018 Table 'terms' does not have the identity property. Cannot perform SET operation. [20018] (severity 16) [SET IDENTITY_INSERT terms ON] (SQL: SET IDENTITY_INSERT terms ON)
SQLSTATE[HY000]: General error: 20018 Table 'vendorfinancials' does not have the identity property. Cannot perform SET operation. [20018] (severity 16) [SET IDENTITY_INSERT vendorfinancials ON] (SQL: SET IDENTITY_INSERT vendorfinancials ON)
SQLSTATE[HY000]: General error: 20018 Table 'customeraccountstatuses' does not have the identity property. Cannot perform SET operation. [20018] (severity 16) [SET IDENTITY_INSERT customeraccountstatuses ON] (SQL: SET IDENTITY_INSERT customeraccountstatuses ON)
SQLSTATE[HY000]: General error: 20018 Table 'warehousebinzones' does not have the identity property. Cannot perform SET operation. [20018] (severity 16) [SET IDENTITY_INSERT warehousebinzones ON] (SQL: SET IDENTITY_INSERT warehousebinzones ON)
SQLSTATE[HY000]: General error: 20018 Table 'payrollstatetax' does not have the identity property. Cannot perform SET operation. [20018] (severity 16) [SET IDENTITY_INSERT payrollstatetax ON] (SQL: SET IDENTITY_INSERT payrollstatetax ON)
SQLSTATE[HY000]: General error: 20018 Table 'ordertypes' does not have the identity property. Cannot perform SET operation. [20018] (severity 16) [SET IDENTITY_INSERT ordertypes ON] (SQL: SET IDENTITY_INSERT ordertypes ON)
SQLSTATE[HY000]: General error: 20018 Table 'helprequestmethod' does not have the identity property. Cannot perform SET operation. [20018] (severity 16) [SET IDENTITY_INSERT helprequestmethod ON] (SQL: SET IDENTITY_INSERT helprequestmethod ON)
SQLSTATE[HY000]: General error: 20018 Table 'accesspermissions' does not have the identity property. Cannot perform SET operation. [20018] (severity 16) [SET IDENTITY_INSERT accesspermissions ON] (SQL: SET IDENTITY_INSERT accesspermissions ON)
SQLSTATE[HY000]: General error: 20018 Table 'inventorynoticifations' does not have the identity property. Cannot perform SET operation. [20018] (severity 16) [SET IDENTITY_INSERT inventorynoticifations ON] (SQL: SET IDENTITY_INSERT inventorynoticifations ON)
SQLSTATE[HY000]: General error: 20018 Table 'workorderpriority' does not have the identity property. Cannot perform SET operation. [20018] (severity 16) [SET IDENTITY_INSERT workorderpriority ON] (SQL: SET IDENTITY_INSERT workorderpriority ON)
SQLSTATE[HY000]: General error: 20018 Table 'helpproblemtype' does not have the identity property. Cannot perform SET operation. [20018] (severity 16) [SET IDENTITY_INSERT helpproblemtype ON] (SQL: SET IDENTITY_INSERT helpproblemtype ON)
SQLSTATE[HY000]: General error: 20018 Table 'contactindustry' does not have the identity property. Cannot perform SET operation. [20018] (severity 16) [SET IDENTITY_INSERT contactindustry ON] (SQL: SET IDENTITY_INSERT contactindustry ON)
SQLSTATE[HY000]: General error: 20018 Table 'customerinformation' does not have the identity property. Cannot perform SET operation. [20018] (severity 16) [SET IDENTITY_INSERT customerinformation ON] (SQL: SET IDENTITY_INSERT customerinformation ON)
SQLSTATE[HY000]: General error: 20018 Table 'payrollemployeestaskheader' does not have the identity property. Cannot perform SET operation. [20018] (severity 16) [SET IDENTITY_INSERT payrollemployeestaskheader ON] (SQL: SET IDENTITY_INSERT payrollemployeestaskheader ON)
SQLSTATE[HY000]: General error: 20018 Table 'leadtype' does not have the identity property. Cannot perform SET operation. [20018] (severity 16) [SET IDENTITY_INSERT leadtype ON] (SQL: SET IDENTITY_INSERT leadtype ON)
SQLSTATE[HY000]: General error: 20018 Table 'helpnewsboard' does not have the identity property. Cannot perform SET operation. [20018] (severity 16) [SET IDENTITY_INSERT helpnewsboard ON] (SQL: SET IDENTITY_INSERT helpnewsboard ON)
SQLSTATE[HY000]: General error: 20018 Table 'bankaccountscontacts' does not have the identity property. Cannot perform SET operation. [20018] (severity 16) [SET IDENTITY_INSERT bankaccountscontacts ON] (SQL: SET IDENTITY_INSERT bankaccountscontacts ON)
SQLSTATE[HY000]: General error: 20018 Table 'contractsheader' does not have the identity property. Cannot perform SET operation. [20018] (severity 16) [SET IDENTITY_INSERT contractsheader ON] (SQL: SET IDENTITY_INSERT contractsheader ON)
SQLSTATE[HY000]: General error: 20018 Table 'payrollemployeesdetail' does not have the identity property. Cannot perform SET operation. [20018] (severity 16) [SET IDENTITY_INSERT payrollemployeesdetail ON] (SQL: SET IDENTITY_INSERT payrollemployeesdetail ON)
SQLSTATE[HY000]: General error: 20018 Table 'ledgeraccountgroup' does not have the identity property. Cannot perform SET operation. [20018] (severity 16) [SET IDENTITY_INSERT ledgeraccountgroup ON] (SQL: SET IDENTITY_INSERT ledgeraccountgroup ON)
SQLSTATE[HY000]: General error: 20018 Table 'payrollemployeestatus' does not have the identity property. Cannot perform SET operation. [20018] (severity 16) [SET IDENTITY_INSERT payrollemployeestatus ON] (SQL: SET IDENTITY_INSERT payrollemployeestatus ON)
SQLSTATE[HY000]: General error: 20018 Table 'receiptsheader' does not have the identity property. Cannot perform SET operation. [20018] (severity 16) [SET IDENTITY_INSERT receiptsheader ON] (SQL: SET IDENTITY_INSERT receiptsheader ON)
SQLSTATE[HY000]: General error: 20018 Table 'expensereporttypes' does not have the identity property. Cannot perform SET operation. [20018] (severity 16) [SET IDENTITY_INSERT expensereporttypes ON] (SQL: SET IDENTITY_INSERT expensereporttypes ON)
SQLSTATE[HY000]: General error: 20018 Table 'taxes' does not have the identity property. Cannot perform SET operation. [20018] (severity 16) [SET IDENTITY_INSERT taxes ON] (SQL: SET IDENTITY_INSERT taxes ON)
SQLSTATE[HY000]: General error: 20018 Table 'customerfinancials' does not have the identity property. Cannot perform SET operation. [20018] (severity 16) [SET IDENTITY_INSERT customerfinancials ON] (SQL: SET IDENTITY_INSERT customerfinancials ON)
SQLSTATE[HY000]: General error: 20018 Table 'inventoryadjustments' does not have the identity property. Cannot perform SET operation. [20018] (severity 16) [SET IDENTITY_INSERT inventoryadjustments ON] (SQL: SET IDENTITY_INSERT inventoryadjustments ON)
SQLSTATE[HY000]: General error: 20018 Table 'payrollitemsmaster' does not have the identity property. Cannot perform SET operation. [20018] (severity 16) [SET IDENTITY_INSERT payrollitemsmaster ON] (SQL: SET IDENTITY_INSERT payrollitemsmaster ON)
SQLSTATE[HY000]: General error: 20018 Table 'currencytypes' does not have the identity property. Cannot perform SET operation. [20018] (severity 16) [SET IDENTITY_INSERT currencytypes ON] (SQL: SET IDENTITY_INSERT currencytypes ON)
SQLSTATE[HY000]: General error: 20018 Table 'fixedassetstatus' does not have the identity property. Cannot perform SET operation. [20018] (severity 16) [SET IDENTITY_INSERT fixedassetstatus ON] (SQL: SET IDENTITY_INSERT fixedassetstatus ON)
SQLSTATE[HY000]: General error: 20018 Table 'payrollregisterdetail' does not have the identity property. Cannot perform SET operation. [20018] (severity 16) [SET IDENTITY_INSERT payrollregisterdetail ON] (SQL: SET IDENTITY_INSERT payrollregisterdetail ON)
SQLSTATE[HY000]: General error: 20018 Table 'leadcomments' does not have the identity property. Cannot perform SET operation. [20018] (severity 16) [SET IDENTITY_INSERT leadcomments ON] (SQL: SET IDENTITY_INSERT leadcomments ON)
SQLSTATE[HY000]: General error: 20018 Table 'payrollstatetaxtables' does not have the identity property. Cannot perform SET operation. [20018] (severity 16) [SET IDENTITY_INSERT payrollstatetaxtables ON] (SQL: SET IDENTITY_INSERT payrollstatetaxtables ON)
SQLSTATE[HY000]: General error: 20018 Table 'orderheader' does not have the identity property. Cannot perform SET operation. [20018] (severity 16) [SET IDENTITY_INSERT orderheader ON] (SQL: SET IDENTITY_INSERT orderheader ON)
SQLSTATE[HY000]: General error: 20018 Table 'payrollwithholdings' does not have the identity property. Cannot perform SET operation. [20018] (severity 16) [SET IDENTITY_INSERT payrollwithholdings ON] (SQL: SET IDENTITY_INSERT payrollwithholdings ON)
SQLSTATE[HY000]: General error: 20018 Table 'payrollfedtax' does not have the identity property. Cannot perform SET operation. [20018] (severity 16) [SET IDENTITY_INSERT payrollfedtax ON] (SQL: SET IDENTITY_INSERT payrollfedtax ON)
SQLSTATE[HY000]: General error: 20018 Table 'inventoryitems' does not have the identity property. Cannot perform SET operation. [20018] (severity 16) [SET IDENTITY_INSERT inventoryitems ON] (SQL: SET IDENTITY_INSERT inventoryitems ON)
SQLSTATE[HY000]: General error: 20018 Table 'helpsupportrequesttype' does not have the identity property. Cannot perform SET operation. [20018] (severity 16) [SET IDENTITY_INSERT helpsupportrequesttype ON] (SQL: SET IDENTITY_INSERT helpsupportrequesttype ON)
SQLSTATE[HY000]: General error: 20018 Table 'edisetup' does not have the identity property. Cannot perform SET operation. [20018] (severity 16) [SET IDENTITY_INSERT edisetup ON] (SQL: SET IDENTITY_INSERT edisetup ON)
SQLSTATE[HY000]: General error: 20018 Table 'ediexceptiontypes' does not have the identity property. Cannot perform SET operation. [20018] (severity 16) [SET IDENTITY_INSERT ediexceptiontypes ON] (SQL: SET IDENTITY_INSERT ediexceptiontypes ON)
SQLSTATE[HY000]: General error: 20018 Table 'helpseverity' does not have the identity property. Cannot perform SET operation. [20018] (severity 16) [SET IDENTITY_INSERT helpseverity ON] (SQL: SET IDENTITY_INSERT helpseverity ON)
SQLSTATE[HY000]: General error: 20018 Table 'workordertypes' does not have the identity property. Cannot perform SET operation. [20018] (severity 16) [SET IDENTITY_INSERT workordertypes ON] (SQL: SET IDENTITY_INSERT workordertypes ON)
SQLSTATE[HY000]: General error: 20018 Table 'fixedassetdepreciationmethods' does not have the identity property. Cannot perform SET operation. [20018] (severity 16) [SET IDENTITY_INSERT fixedassetdepreciationmethods ON] (SQL: SET IDENTITY_INSERT fixedassetdepreciationmethods ON)
SQLSTATE[HY000]: General error: 20018 Table 'inventoryitemtypes' does not have the identity property. Cannot perform SET operation. [20018] (severity 16) [SET IDENTITY_INSERT inventoryitemtypes ON] (SQL: SET IDENTITY_INSERT inventoryitemtypes ON)
SQLSTATE[HY000]: General error: 20018 Table 'edidirection' does not have the identity property. Cannot perform SET operation. [20018] (severity 16) [SET IDENTITY_INSERT edidirection ON] (SQL: SET IDENTITY_INSERT edidirection ON)
SQLSTATE[HY000]: General error: 20018 Table 'payrollitems' does not have the identity property. Cannot perform SET operation. [20018] (severity 16) [SET IDENTITY_INSERT payrollitems ON] (SQL: SET IDENTITY_INSERT payrollitems ON)
SQLSTATE[HY000]: General error: 20018 Table 'inventorycategories' does not have the identity property. Cannot perform SET operation. [20018] (severity 16) [SET IDENTITY_INSERT inventorycategories ON] (SQL: SET IDENTITY_INSERT inventorycategories ON)
SQLSTATE[HY000]: General error: 20018 Table 'payrollchecktype' does not have the identity property. Cannot perform SET operation. [20018] (severity 16) [SET IDENTITY_INSERT payrollchecktype ON] (SQL: SET IDENTITY_INSERT payrollchecktype ON)
SQLSTATE[HY000]: General error: 20018 Table 'inventorypricingcode' does not have the identity property. Cannot perform SET operation. [20018] (severity 16) [SET IDENTITY_INSERT inventorypricingcode ON] (SQL: SET IDENTITY_INSERT inventorypricingcode ON)
SQLSTATE[HY000]: General error: 20018 Table 'payrollw2detail' does not have the identity property. Cannot perform SET operation. [20018] (severity 16) [SET IDENTITY_INSERT payrollw2detail ON] (SQL: SET IDENTITY_INSERT payrollw2detail ON)
SQLSTATE[HY000]: General error: 20018 Table 'paymentchecks' does not have the identity property. Cannot perform SET operation. [20018] (severity 16) [SET IDENTITY_INSERT paymentchecks ON] (SQL: SET IDENTITY_INSERT paymentchecks ON)
SQLSTATE[HY000]: General error: 20018 Table 'fixedassets' does not have the identity property. Cannot perform SET operation. [20018] (severity 16) [SET IDENTITY_INSERT fixedassets ON] (SQL: SET IDENTITY_INSERT fixedassets ON)
SQLSTATE[HY000]: General error: 20018 Table 'leadinformation' does not have the identity property. Cannot perform SET operation. [20018] (severity 16) [SET IDENTITY_INSERT leadinformation ON] (SQL: SET IDENTITY_INSERT leadinformation ON)
SQLSTATE[HY000]: General error: 20018 Table 'ledgertransactions' does not have the identity property. Cannot perform SET operation. [20018] (severity 16) [SET IDENTITY_INSERT ledgertransactions ON] (SQL: SET IDENTITY_INSERT ledgertransactions ON)
SQLSTATE[HY000]: General error: 20018 Table 'customercontactlog' does not have the identity property. Cannot perform SET operation. [20018] (severity 16) [SET IDENTITY_INSERT customercontactlog ON] (SQL: SET IDENTITY_INSERT customercontactlog ON)
SQLSTATE[HY000]: General error: 20018 Table 'possetup' does not have the identity property. Cannot perform SET operation. [20018] (severity 16) [SET IDENTITY_INSERT possetup ON] (SQL: SET IDENTITY_INSERT possetup ON)
SQLSTATE[HY000]: General error: 20018 Table 'customercreditreferences' does not have the identity property. Cannot perform SET operation. [20018] (severity 16) [SET IDENTITY_INSERT customercreditreferences ON] (SQL: SET IDENTITY_INSERT customercreditreferences ON)
SQLSTATE[HY000]: General error: 20018 Table 'commenttypes' does not have the identity property. Cannot perform SET operation. [20018] (severity 16) [SET IDENTITY_INSERT commenttypes ON] (SQL: SET IDENTITY_INSERT commenttypes ON)
SQLSTATE[HY000]: General error: 20018 Table 'paymentmethods' does not have the identity property. Cannot perform SET operation. [20018] (severity 16) [SET IDENTITY_INSERT paymentmethods ON] (SQL: SET IDENTITY_INSERT paymentmethods ON)
SQLSTATE[HY000]: General error: 20018 Table 'quotetrackingheader' does not have the identity property. Cannot perform SET operation. [20018] (severity 16) [SET IDENTITY_INSERT quotetrackingheader ON] (SQL: SET IDENTITY_INSERT quotetrackingheader ON)
SQLSTATE[HY000]: General error: 20018 Table 'vendoraccountstatuses' does not have the identity property. Cannot perform SET operation. [20018] (severity 16) [SET IDENTITY_INSERT vendoraccountstatuses ON] (SQL: SET IDENTITY_INSERT vendoraccountstatuses ON)
SQLSTATE[HY000]: General error: 20018 Table 'payrollitemtypes' does not have the identity property. Cannot perform SET operation. [20018] (severity 16) [SET IDENTITY_INSERT payrollitemtypes ON] (SQL: SET IDENTITY_INSERT payrollitemtypes ON)
SQLSTATE[HY000]: General error: 20018 Table 'customershiptolocations' does not have the identity property. Cannot perform SET operation. [20018] (severity 16) [SET IDENTITY_INSERT customershiptolocations ON] (SQL: SET IDENTITY_INSERT customershiptolocations ON)
SQLSTATE[HY000]: General error: 20018 Table 'helpmessageheading' does not have the identity property. Cannot perform SET operation. [20018] (severity 16) [SET IDENTITY_INSERT helpmessageheading ON] (SQL: SET IDENTITY_INSERT helpmessageheading ON)
SQLSTATE[HY000]: General error: 20018 Table 'payrollemployeedepartment' does not have the identity property. Cannot perform SET operation. [20018] (severity 16) [SET IDENTITY_INSERT payrollemployeedepartment ON] (SQL: SET IDENTITY_INSERT payrollemployeedepartment ON)
SQLSTATE[HY000]: General error: 20018 Table 'contactregions' does not have the identity property. Cannot perform SET operation. [20018] (severity 16) [SET IDENTITY_INSERT contactregions ON] (SQL: SET IDENTITY_INSERT contactregions ON)
SQLSTATE[HY000]: General error: 20018 Table 'payrollemployeepayfrequency' does not have the identity property. Cannot perform SET operation. [20018] (severity 16) [SET IDENTITY_INSERT payrollemployeepayfrequency ON] (SQL: SET IDENTITY_INSERT payrollemployeepayfrequency ON)
SQLSTATE[HY000]: General error: 20018 Table 'artransactiontypes' does not have the identity property. Cannot perform SET operation. [20018] (severity 16) [SET IDENTITY_INSERT artransactiontypes ON] (SQL: SET IDENTITY_INSERT artransactiontypes ON)
